<?xml version="1.0" encoding="UTF-8"?>
<!-- Generated by org.testng.reporters.JUnitReportReporter -->
<testsuite hostname="giri-Lenovo-V110-15ISK" name="Com.Scenarios.GuestCheckout" tests="2" failures="0" timestamp="4 Jun 2018 05:49:53 GMT" time="243.045" errors="0">
  <testcase name="GuestCODCheckoutFlow" time="11.260" classname="Com.Scenarios.GuestCheckout"/>
  <testcase name="GuestPrepaidCheckoutFlow" time="231.785" classname="Com.Scenarios.GuestCheckout"/>
</testsuite> <!-- Com.Scenarios.GuestCheckout -->
