<?xml version="1.0" encoding="UTF-8"?>
<!-- Generated by org.testng.reporters.JUnitReportReporter -->
<testsuite hostname="giri-Lenovo-V110-15ISK" name="Com.Scenarios.Tesett" tests="1" failures="0" timestamp="4 Jun 2018 08:16:53 GMT" time="7.516" errors="0">
  <testcase name="tert" time="7.516" classname="Com.Scenarios.Tesett"/>
</testsuite> <!-- Com.Scenarios.Tesett -->
